<?xml version="1.0" encoding="UTF-8"?>
<testsuite name="Buy Books" tests="1" skipped="0" failures="0" errors="0" timestamp="2021-08-14T16:23:17" hostname="d37be138adfc" time="6.067">
  <properties/>
  <testcase name="Successful purchase" classname="Buy Books" time="6.067"/>
  <system-out><![CDATA[









]]></system-out>
  <system-err><![CDATA[Aug 14, 2021 4:23:17 PM org.openqa.selenium.remote.DesiredCapabilities chrome
INFO: Using `new ChromeOptions()` is preferred to `DesiredCapabilities.chrome()`
Starting ChromeDriver 92.0.4515.43 (8c61b7e2989f2990d42f859cac71319137787cce-refs/branch-heads/4515@{#306}) on port 19333
Only local connections are allowed.
Please see https://chromedriver.chromium.org/security-considerations for suggestions on keeping ChromeDriver safe.
ChromeDriver was started successfully.
[1628958197.978][SEVERE]: bind() failed: Cannot assign requested address (99)
Aug 14, 2021 4:23:18 PM org.openqa.selenium.remote.ProtocolHandshake createSession
INFO: Detected dialect: W3C
[Test worker] INFO net.thucydides.core.steps.ConsoleLoggingListener - 
        __    _____ _____ ____ _____   ____   _    ____  ____  _____ ____  
  _     \ \  |_   _| ____/ ___|_   _| |  _ \ / \  / ___|/ ___|| ____|  _ \ 
 (_)_____| |   | | |  _| \___ \ | |   | |_) / _ \ \___ \\___ \|  _| | | | |
  _|_____| |   | | | |___ ___) || |   |  __/ ___ \ ___) |___) | |___| |_| |
 (_)     | |   |_| |_____|____/ |_|   |_| /_/   \_\____/|____/|_____|____/ 
        /_/                                                                

TEST PASSED: Successful purchase
----------------------------------------------------------------------------
]]></system-err>
</testsuite>
